<?xml version="1.0" encoding="UTF-8"?>
<testsuites name="jest tests" tests="14" failures="0" errors="0" time="0.76">
  <testsuite name="ContentFetch" errors="0" failures="0" skipped="0" timestamp="2024-10-28T13:08:53" time="0.506" tests="14">
    <testcase classname="ContentFetch" name="initializes with default options" time="0.003">
    </testcase>
    <testcase classname="ContentFetch" name="validates URLs correctly" time="0.003">
    </testcase>
    <testcase classname="ContentFetch" name="rejects invalid URLs" time="0.009">
    </testcase>
    <testcase classname="ContentFetch" name="fetches content successfully" time="0.008">
    </testcase>
    <testcase classname="ContentFetch" name="handles fetch errors" time="0.001">
    </testcase>
    <testcase classname="ContentFetch" name="injects content into DOM" time="0.007">
    </testcase>
    <testcase classname="ContentFetch" name="caches fetched content" time="0.002">
    </testcase>
    <testcase classname="ContentFetch" name="supports different insertion modes" time="0.003">
    </testcase>
    <testcase classname="ContentFetch" name="executes callbacks" time="0.001">
    </testcase>
    <testcase classname="ContentFetch" name="fromTo fetches and injects content" time="0.005">
    </testcase>
    <testcase classname="ContentFetch" name="fromTo executes callbacks" time="0.002">
    </testcase>
    <testcase classname="ContentFetch" name="fromTo handles errors properly" time="0.001">
    </testcase>
    <testcase classname="ContentFetch" name="abortFetch cancels ongoing requests" time="0.001">
    </testcase>
    <testcase classname="ContentFetch" name="abortFetch clears cache" time="0">
    </testcase>
  </testsuite>
</testsuites>